<component name="libraryTable">
  <library name="junit" type="repository">
    <properties maven-id="junit:junit:4.13.2" />
    <CLASSES />
    <JAVADOC />
    <SOURCES />
  </library>
</component>